<?xml version="1.0" encoding="UTF-8"?>
<!-- Generated by org.testng.reporters.JUnitXMLReporter -->
<testsuite ignored="0" hostname="sornapravinPC" failures="0" tests="4" name="Test2" time="95.903" errors="0" timestamp="2021-10-06T22:28:57 EDT">
  <testcase classname="com.nopcommerce.testCases.TC_PersonalizeStore_004" name="personalizeStore" time="23.628"/>
  <testcase classname="com.nopcommerce.testCases.TC_SearchingProduct_005" name="searchProduct" time="12.103"/>
  <testcase classname="com.nopcommerce.testCases.TC_FindingPendingTransaction_006" name="findStatus" time="13.021"/>
  <testcase classname="com.nopcommerce.testCases.TC_LocateProducct_007" name="locateProduct" time="26.237"/>
</testsuite> <!-- Test2 -->
