<?xml version="1.0" encoding="UTF-8"?>
<testsuite xmlns:xsi="http://www.w3.org/2001/XMLSchema-instance" xsi:noNamespaceSchemaLocation="https://maven.apache.org/surefire/maven-surefire-plugin/xsd/surefire-test-report-3.0.xsd" version="3.0" name="TestSuite" time="50.747" tests="3" errors="0" skipped="0" failures="0">
  <properties>
[...]
</properties>
  <testcase name="personalizeStore" classname="com.nopcommerce.testCases.TC_PersonalizeStore_004" time="15.714">
    <system-out><![CDATA[ INFO [main] (TC_PersonalizeStore_004.java:16)- URL opened....
 INFO [main] (TC_PersonalizeStore_004.java:19)- User Name provided....
 INFO [main] (TC_PersonalizeStore_004.java:22)- Password Provided....
 INFO [main] (TC_PersonalizeStore_004.java:25)- Logged in....
×
For security purposes, the feature you have requested is not available on the demo site.
 INFO [main] (TC_PersonalizeStore_004.java:43)- Personalize store successfully updated ....
]]></system-out>
    <system-err><![CDATA[Starting MSEdgeDriver 93.0.966.0 (e2f8d2f2ff9d728bbb0e02da9e314bf7b50eccd9) on port 36687
Only local connections are allowed.
Please see https://chromedriver.chromium.org/security-considerations for suggestions on keeping MSEdgeDriver safe.
MSEdgeDriver was started successfully.
[1633633333.402][WARNING]: This version of MSEdgeDriver has not been tested with MSEdge version 94.
Oct 07, 2021 3:02:13 PM org.openqa.selenium.remote.ProtocolHandshake createSession
INFO: Detected dialect: W3C
]]></system-err>
  </testcase>
  <testcase name="searchProduct" classname="com.nopcommerce.testCases.TC_SearchingProduct_005" time="10.667">
    <system-out><![CDATA[ INFO [main] (TC_SearchingProduct_005.java:18)- URL opened....
 INFO [main] (TC_SearchingProduct_005.java:21)- User Name provided....
 INFO [main] (TC_SearchingProduct_005.java:24)- Password Provided....
 INFO [main] (TC_SearchingProduct_005.java:27)- Logged in....
 INFO [main] (TC_SearchingProduct_005.java:34)- Product details entered....
Asus N551JK-XO076H Laptop
 INFO [main] (TC_SearchingProduct_005.java:43)- Product found successfully....
]]></system-out>
    <system-err><![CDATA[Starting MSEdgeDriver 93.0.966.0 (e2f8d2f2ff9d728bbb0e02da9e314bf7b50eccd9) on port 15297
Only local connections are allowed.
Please see https://chromedriver.chromium.org/security-considerations for suggestions on keeping MSEdgeDriver safe.
MSEdgeDriver was started successfully.
[1633633351.429][WARNING]: This version of MSEdgeDriver has not been tested with MSEdge version 94.
Oct 07, 2021 3:02:31 PM org.openqa.selenium.remote.ProtocolHandshake createSession
INFO: Detected dialect: W3C
]]></system-err>
  </testcase>
  <testcase name="findStatus" classname="com.nopcommerce.testCases.TC_FindingPendingTransaction_006" time="14.493">
    <system-out><![CDATA[ INFO [main] (TC_FindingPendingTransaction_006.java:18)- URL opened....
 INFO [main] (TC_FindingPendingTransaction_006.java:21)- User Name provided....
 INFO [main] (TC_FindingPendingTransaction_006.java:24)- Password Provided....
 INFO [main] (TC_FindingPendingTransaction_006.java:27)- Logged in....
Complete
Processing
Pending
Pending
 INFO [main] (TC_FindingPendingTransaction_006.java:38)- Pending Transaction found successfully....
]]></system-out>
    <system-err><![CDATA[Starting MSEdgeDriver 93.0.966.0 (e2f8d2f2ff9d728bbb0e02da9e314bf7b50eccd9) on port 18016
Only local connections are allowed.
Please see https://chromedriver.chromium.org/security-considerations for suggestions on keeping MSEdgeDriver safe.
MSEdgeDriver was started successfully.
[1633633364.833][WARNING]: This version of MSEdgeDriver has not been tested with MSEdge version 94.
Oct 07, 2021 3:02:44 PM org.openqa.selenium.remote.ProtocolHandshake createSession
INFO: Detected dialect: W3C
]]></system-err>
  </testcase>
</testsuite>