<?xml version="1.0" encoding="UTF-8"?>
<!-- Generated by org.testng.reporters.JUnitXMLReporter -->
<testsuite hostname="sornapravinPC" ignored="0" name="Test2" tests="3" failures="0" timestamp="2021-10-07T15:03:00 EDT" time="49.458" errors="0">
  <testcase name="personalizeStore" time="15.753" classname="com.nopcommerce.testCases.TC_PersonalizeStore_004"/>
  <testcase name="searchProduct" time="10.682" classname="com.nopcommerce.testCases.TC_SearchingProduct_005"/>
  <testcase name="findStatus" time="14.505" classname="com.nopcommerce.testCases.TC_FindingPendingTransaction_006"/>
</testsuite> <!-- Test2 -->
