<?xml version="1.0" encoding="UTF-8"?>
<testng-results ignored="0" total="4" passed="4" failed="0" skipped="0">
  <reporter-output>
  </reporter-output>
  <suite started-at="2021-10-06T22:27:21 EDT" name="nopCommerce" finished-at="2021-10-06T22:28:57 EDT" duration-ms="95903">
    <groups>
    </groups>
    <test started-at="2021-10-06T22:27:21 EDT" name="Test2" finished-at="2021-10-06T22:28:57 EDT" duration-ms="95903">
      <class name="com.nopcommerce.testCases.TC_FindingPendingTransaction_006">
        <test-method is-config="true" signature="setup(java.lang.String)[pri:0, instance:com.nopcommerce.testCases.TC_FindingPendingTransaction_006@3e11f9e9]" started-at="2021-10-06T22:28:14 EDT" name="setup" finished-at="2021-10-06T22:28:16 EDT" duration-ms="1277" status="PASS">
          <params>
            <param index="0">
              <value>
                <![CDATA[msedge]]>
              </value>
            </param>
          </params>
          <reporter-output>
          </reporter-output>
        </test-method> <!-- setup -->
        <test-method signature="findStatus()[pri:0, instance:com.nopcommerce.testCases.TC_FindingPendingTransaction_006@3e11f9e9]" started-at="2021-10-06T22:28:16 EDT" name="findStatus" finished-at="2021-10-06T22:28:29 EDT" duration-ms="13021" status="PASS">
          <reporter-output>
          </reporter-output>
        </test-method> <!-- findStatus -->
        <test-method is-config="true" signature="TearDown()[pri:0, instance:com.nopcommerce.testCases.TC_FindingPendingTransaction_006@3e11f9e9]" started-at="2021-10-06T22:28:29 EDT" name="TearDown" finished-at="2021-10-06T22:28:29 EDT" duration-ms="339" status="PASS">
          <reporter-output>
          </reporter-output>
        </test-method> <!-- TearDown -->
      </class> <!-- com.nopcommerce.testCases.TC_FindingPendingTransaction_006 -->
      <class name="com.nopcommerce.testCases.TC_PersonalizeStore_004">
        <test-method is-config="true" signature="setup(java.lang.String)[pri:0, instance:com.nopcommerce.testCases.TC_PersonalizeStore_004@3a44431a]" started-at="2021-10-06T22:27:22 EDT" name="setup" finished-at="2021-10-06T22:27:28 EDT" duration-ms="5963" status="PASS">
          <params>
            <param index="0">
              <value>
                <![CDATA[msedge]]>
              </value>
            </param>
          </params>
          <reporter-output>
          </reporter-output>
        </test-method> <!-- setup -->
        <test-method signature="personalizeStore()[pri:0, instance:com.nopcommerce.testCases.TC_PersonalizeStore_004@3a44431a]" started-at="2021-10-06T22:27:28 EDT" name="personalizeStore" finished-at="2021-10-06T22:27:51 EDT" duration-ms="23628" status="PASS">
          <reporter-output>
          </reporter-output>
        </test-method> <!-- personalizeStore -->
        <test-method is-config="true" signature="TearDown()[pri:0, instance:com.nopcommerce.testCases.TC_PersonalizeStore_004@3a44431a]" started-at="2021-10-06T22:27:51 EDT" name="TearDown" finished-at="2021-10-06T22:27:58 EDT" duration-ms="6135" status="PASS">
          <reporter-output>
          </reporter-output>
        </test-method> <!-- TearDown -->
      </class> <!-- com.nopcommerce.testCases.TC_PersonalizeStore_004 -->
      <class name="com.nopcommerce.testCases.TC_LocateProducct_007">
        <test-method is-config="true" signature="setup(java.lang.String)[pri:0, instance:com.nopcommerce.testCases.TC_LocateProducct_007@1de5f259]" started-at="2021-10-06T22:28:29 EDT" name="setup" finished-at="2021-10-06T22:28:30 EDT" duration-ms="1418" status="PASS">
          <params>
            <param index="0">
              <value>
                <![CDATA[msedge]]>
              </value>
            </param>
          </params>
          <reporter-output>
          </reporter-output>
        </test-method> <!-- setup -->
        <test-method signature="locateProduct()[pri:0, instance:com.nopcommerce.testCases.TC_LocateProducct_007@1de5f259]" started-at="2021-10-06T22:28:30 EDT" name="locateProduct" finished-at="2021-10-06T22:28:57 EDT" duration-ms="26237" status="PASS">
          <reporter-output>
          </reporter-output>
        </test-method> <!-- locateProduct -->
        <test-method is-config="true" signature="TearDown()[pri:0, instance:com.nopcommerce.testCases.TC_LocateProducct_007@1de5f259]" started-at="2021-10-06T22:28:57 EDT" name="TearDown" finished-at="2021-10-06T22:28:57 EDT" duration-ms="420" status="PASS">
          <reporter-output>
          </reporter-output>
        </test-method> <!-- TearDown -->
      </class> <!-- com.nopcommerce.testCases.TC_LocateProducct_007 -->
      <class name="com.nopcommerce.testCases.TC_SearchingProduct_005">
        <test-method is-config="true" signature="setup(java.lang.String)[pri:0, instance:com.nopcommerce.testCases.TC_SearchingProduct_005@6404f418]" started-at="2021-10-06T22:27:58 EDT" name="setup" finished-at="2021-10-06T22:28:02 EDT" duration-ms="4325" status="PASS">
          <params>
            <param index="0">
              <value>
                <![CDATA[msedge]]>
              </value>
            </param>
          </params>
          <reporter-output>
          </reporter-output>
        </test-method> <!-- setup -->
        <test-method signature="searchProduct()[pri:0, instance:com.nopcommerce.testCases.TC_SearchingProduct_005@6404f418]" started-at="2021-10-06T22:28:02 EDT" name="searchProduct" finished-at="2021-10-06T22:28:14 EDT" duration-ms="12103" status="PASS">
          <reporter-output>
          </reporter-output>
        </test-method> <!-- searchProduct -->
        <test-method is-config="true" signature="TearDown()[pri:0, instance:com.nopcommerce.testCases.TC_SearchingProduct_005@6404f418]" started-at="2021-10-06T22:28:14 EDT" name="TearDown" finished-at="2021-10-06T22:28:14 EDT" duration-ms="364" status="PASS">
          <reporter-output>
          </reporter-output>
        </test-method> <!-- TearDown -->
      </class> <!-- com.nopcommerce.testCases.TC_SearchingProduct_005 -->
    </test> <!-- Test2 -->
  </suite> <!-- nopCommerce -->
</testng-results>
